D:\C++VS2012\PROJECTS\LODCONVERTPREPROCESSING\LODCONVERTPREPROCESSING\DEBUG\MAIN.OBJ
D:\C++VS2012\PROJECTS\LODCONVERTPREPROCESSING\LODCONVERTPREPROCESSING\DEBUG\VC110.PDB
D:\C++VS2012\PROJECTS\LODCONVERTPREPROCESSING\DEBUG\LODCONVERTPREPROCESSING.ILK
D:\C++VS2012\PROJECTS\LODCONVERTPREPROCESSING\DEBUG\LODCONVERTPREPROCESSING.EXE
D:\C++VS2012\PROJECTS\LODCONVERTPREPROCESSING\DEBUG\LODCONVERTPREPROCESSING.PDB
D:\C++VS2012\projects\LODConvertPreprocessing\LODConvertPreprocessing\Debug\main.obj
D:\C++VS2012\projects\LODConvertPreprocessing\LODConvertPreprocessing\Debug\cl.command.1.tlog
D:\C++VS2012\projects\LODConvertPreprocessing\LODConvertPreprocessing\Debug\CL.read.1.tlog
D:\C++VS2012\projects\LODConvertPreprocessing\LODConvertPreprocessing\Debug\CL.write.1.tlog
D:\C++VS2012\projects\LODConvertPreprocessing\LODConvertPreprocessing\Debug\link-cvtres.read.1.tlog
D:\C++VS2012\projects\LODConvertPreprocessing\LODConvertPreprocessing\Debug\link-cvtres.write.1.tlog
D:\C++VS2012\projects\LODConvertPreprocessing\LODConvertPreprocessing\Debug\link-rc.read.1.tlog
D:\C++VS2012\projects\LODConvertPreprocessing\LODConvertPreprocessing\Debug\link-rc.write.1.tlog
D:\C++VS2012\projects\LODConvertPreprocessing\LODConvertPreprocessing\Debug\link.command.1.tlog
D:\C++VS2012\projects\LODConvertPreprocessing\LODConvertPreprocessing\Debug\link.read.1.tlog
D:\C++VS2012\projects\LODConvertPreprocessing\LODConvertPreprocessing\Debug\link.write.1.tlog
D:\C++VS2012\projects\LODConvertPreprocessing\LODConvertPreprocessing\Debug\vc110.idb
D:\C++VS2012\projects\LODConvertPreprocessing\LODConvertPreprocessing\Debug\vc110.pdb
D:\C++VS2012\projects\LODConvertPreprocessing\Debug\LODConvertPreprocessing.pdb
D:\C++VS2012\projects\LODConvertPreprocessing\Debug\LODConvertPreprocessing.exe
D:\C++VS2012\projects\LODConvertPreprocessing\Debug\LODConvertPreprocessing.ilk
